C51 COMPILER V9.56.0.0   MAIN                                                              08/29/2018 20:42:31 PAGE 1   


C51 COMPILER V9.56.0.0, COMPILATION OF MODULE MAIN
OBJECT MODULE PLACED IN .\Objects\main.obj
COMPILER INVOKED BY: C:\Program Files (x86)\Keil_v5\C51\BIN\C51.EXE main.c OPTIMIZE(8,SPEED) BROWSE DEBUG OBJECTEXTEND P
                    -RINT(.\Listings\main.lst) TABS(2) OBJECT(.\Objects\main.obj)

line level    source

   1          #include <reg8253.h>
   2          
   3          void Delay(int k){
   4   1        int i, j;
   5   1        for(i=0;i<k;i++){
   6   2          for(j=0;j<100;j++);
   7   2        }
   8   1      }
   9          
  10          void main (void){
  11   1        while(1){
  12   2          P3 = 0X01;            // Relay ON
  13   2          Delay(1000);
  14   2          P3 = 0X00;            // Relay OFF
  15   2          Delay(1000);
  16   2        }
  17   1      }


MODULE INFORMATION:   STATIC OVERLAYABLE
   CODE SIZE        =     56    ----
   CONSTANT SIZE    =   ----    ----
   XDATA SIZE       =   ----    ----
   PDATA SIZE       =   ----    ----
   DATA SIZE        =   ----    ----
   IDATA SIZE       =   ----    ----
   BIT SIZE         =   ----    ----
END OF MODULE INFORMATION.


C51 COMPILATION COMPLETE.  0 WARNING(S),  0 ERROR(S)
