C51 COMPILER V9.06   LIGHT                                                                 03/26/2016 23:59:48 PAGE 1   


C51 COMPILER V9.06, COMPILATION OF MODULE LIGHT
OBJECT MODULE PLACED IN light.OBJ
COMPILER INVOKED BY: C:\Keil\C51\BIN\C51.EXE light.c BROWSE DEBUG OBJECTEXTEND

line level    source

   1          //Program for automatic light
   2          #include<reg51.h>
   3          #include<delay.h>
   4          
   5          sbit in=P1^0; //In count pin
   6          sbit out=P1^1; //Out count pin
   7          sbit RELAY=P2^7; //Output pin for on and off
   8          
   9          void main()
  10          {
  11   1       int count=0;
  12   1       in=out=0;
  13   1       RELAY=0;
  14   1      
  15   1       while(1)
  16   1       {
  17   2       if(in==1)
  18   2       {
  19   3        while(!out)
  20   3        {
  21   4        }
  22   3        count++;
  23   3        RELAY=1;
  24   3        delay_msec(1000);
  25   3       }
  26   2       if(out==1&&count)
  27   2       {
  28   3        while(!in)
  29   3        {
  30   4        }
  31   3        count--;
  32   3        delay_msec(1000);
  33   3        if(!count)
  34   3        RELAY=0;
  35   3        }
  36   2       }
  37   1      } 


MODULE INFORMATION:   STATIC OVERLAYABLE
   CODE SIZE        =    101    ----
   CONSTANT SIZE    =   ----    ----
   XDATA SIZE       =   ----    ----
   PDATA SIZE       =   ----    ----
   DATA SIZE        =   ----    ----
   IDATA SIZE       =   ----    ----
   BIT SIZE         =   ----    ----
END OF MODULE INFORMATION.


C51 COMPILATION COMPLETE.  0 WARNING(S),  0 ERROR(S)
