C51 COMPILER V9.56.0.0   MAIN                                                              08/29/2018 20:43:31 PAGE 1   


C51 COMPILER V9.56.0.0, COMPILATION OF MODULE MAIN
OBJECT MODULE PLACED IN .\Objects\main.obj
COMPILER INVOKED BY: C:\Program Files (x86)\Keil_v5\C51\BIN\C51.EXE main.c OPTIMIZE(8,SPEED) BROWSE DEBUG OBJECTEXTEND P
                    -RINT(.\Listings\main.lst) TABS(2) OBJECT(.\Objects\main.obj)

line level    source

   1          #include <REG8253.H>
   2          
   3          void timer(unsigned int w);
   4          
   5          void main(){
   6   1        int width = 50;
   7   1        while(1){
   8   2          P0 = 0X00;                  // Port0 is used for count reset indication
   9   2          P2 = 0XFF;                  // Port2 is used PWM output
  10   2          timer(width);               // Delay to control duty cycle of the pulse
  11   2          P2 = 0X00;
  12   2          timer(width);
  13   2          width = width + 50;
  14   2          if(width > 500){
  15   3            P0 = 0XFF;
  16   3            P2 = 0X00;
  17   3            timer(1000);
  18   3            width = 50;
  19   3          }
  20   2        }
  21   1      }
  22          
  23          void timer(unsigned int w){     // Timer0 to generate a delay.
  24   1        int i;
  25   1        for(i=0;i<w;i++){             // Loop for repeating the Timer delay for X times
  26   2          TMOD = 0x01;                // Set timer0 in mode 1
  27   2          TL0 = 0xCB;                 // Timer value for 1us delay
  28   2          TH0 = 0xFA;
  29   2          TR0 = 1;                    // Enable Timer 0
  30   2          while(!TF0);                // Wait till timer count overflow
  31   2          TF0 = 0;                    // Reset the overflow flag
  32   2          TR0 = 0;                    // Disable Timer 0
  33   2        }
  34   1      }


MODULE INFORMATION:   STATIC OVERLAYABLE
   CODE SIZE        =    110    ----
   CONSTANT SIZE    =   ----    ----
   XDATA SIZE       =   ----    ----
   PDATA SIZE       =   ----    ----
   DATA SIZE        =   ----       2
   IDATA SIZE       =   ----    ----
   BIT SIZE         =   ----    ----
END OF MODULE INFORMATION.


C51 COMPILATION COMPLETE.  0 WARNING(S),  0 ERROR(S)
